<?xml version="1.0" encoding="UTF-8"?>
<!-- Generated by org.testng.reporters.JUnitXMLReporter -->
<testsuite ignored="0" hostname="user" failures="8" tests="13" name="FirefoxTest" time="87.798" errors="0" timestamp="2025-09-15T10:21:54 IST">
  <testcase classname="testscript.AdminTest" name="AddUser" time="0.003">
    <failure type="java.io.FileNotFoundException" message="Constants.TESTDATAFILE (The system cannot find the file specified)">
      <![CDATA[java.io.FileNotFoundException: Constants.TESTDATAFILE (The system cannot find the file specified)
at java.base/java.io.FileInputStream.open0(Native Method)
at java.base/java.io.FileInputStream.open(FileInputStream.java:213)
at java.base/java.io.FileInputStream.<init>(FileInputStream.java:152)
at java.base/java.io.FileInputStream.<init>(FileInputStream.java:106)
at utilities.ExcelUtility.getStringData(ExcelUtility.java:24)
at testscript.AdminTest.AddUser(AdminTest.java:22)
at java.base/java.util.concurrent.Executors$RunnableAdapter.call(Executors.java:572)
at java.base/java.util.concurrent.FutureTask.run(FutureTask.java:317)
at java.base/java.util.concurrent.ThreadPoolExecutor.runWorker(ThreadPoolExecutor.java:1144)
at java.base/java.util.concurrent.ThreadPoolExecutor$Worker.run(ThreadPoolExecutor.java:642)
at java.base/java.lang.Thread.run(Thread.java:1583)
... Removed 11 stack frames]]>
    </failure>
  </testcase> <!-- AddUser -->
  <testcase classname="testscript.ManageNewsTest" name="verifyAddNews" time="0.011">
    <failure type="java.io.FileNotFoundException" message="Constants.TESTDATAFILE (The system cannot find the file specified)">
      <![CDATA[java.io.FileNotFoundException: Constants.TESTDATAFILE (The system cannot find the file specified)
at java.base/java.io.FileInputStream.open0(Native Method)
at java.base/java.io.FileInputStream.open(FileInputStream.java:213)
at java.base/java.io.FileInputStream.<init>(FileInputStream.java:152)
at java.base/java.io.FileInputStream.<init>(FileInputStream.java:106)
at utilities.ExcelUtility.getStringData(ExcelUtility.java:24)
at testscript.ManageNewsTest.verifyAddNews(ManageNewsTest.java:18)
at java.base/java.util.concurrent.Executors$RunnableAdapter.call(Executors.java:572)
at java.base/java.util.concurrent.FutureTask.run(FutureTask.java:317)
at java.base/java.util.concurrent.ThreadPoolExecutor.runWorker(ThreadPoolExecutor.java:1144)
at java.base/java.util.concurrent.ThreadPoolExecutor$Worker.run(ThreadPoolExecutor.java:642)
at java.base/java.lang.Thread.run(Thread.java:1583)
... Removed 11 stack frames]]>
    </failure>
  </testcase> <!-- verifyAddNews -->
  <testcase classname="testscript.ManageNewsTest" name="verifyHomefunctionality" time="0.003">
    <failure type="java.io.FileNotFoundException" message="Constants.TESTDATAFILE (The system cannot find the file specified)">
      <![CDATA[java.io.FileNotFoundException: Constants.TESTDATAFILE (The system cannot find the file specified)
at java.base/java.io.FileInputStream.open0(Native Method)
at java.base/java.io.FileInputStream.open(FileInputStream.java:213)
at java.base/java.io.FileInputStream.<init>(FileInputStream.java:152)
at java.base/java.io.FileInputStream.<init>(FileInputStream.java:106)
at utilities.ExcelUtility.getStringData(ExcelUtility.java:24)
at testscript.ManageNewsTest.verifyHomefunctionality(ManageNewsTest.java:55)
at java.base/java.util.concurrent.Executors$RunnableAdapter.call(Executors.java:572)
at java.base/java.util.concurrent.FutureTask.run(FutureTask.java:317)
at java.base/java.util.concurrent.ThreadPoolExecutor.runWorker(ThreadPoolExecutor.java:1144)
at java.base/java.util.concurrent.ThreadPoolExecutor$Worker.run(ThreadPoolExecutor.java:642)
at java.base/java.lang.Thread.run(Thread.java:1583)
... Removed 11 stack frames]]>
    </failure>
  </testcase> <!-- verifyHomefunctionality -->
  <testcase classname="testscript.ManageNewsTest" name="verifyResetfunctionality" time="0.003">
    <failure type="java.io.FileNotFoundException" message="Constants.TESTDATAFILE (The system cannot find the file specified)">
      <![CDATA[java.io.FileNotFoundException: Constants.TESTDATAFILE (The system cannot find the file specified)
at java.base/java.io.FileInputStream.open0(Native Method)
at java.base/java.io.FileInputStream.open(FileInputStream.java:213)
at java.base/java.io.FileInputStream.<init>(FileInputStream.java:152)
at java.base/java.io.FileInputStream.<init>(FileInputStream.java:106)
at utilities.ExcelUtility.getStringData(ExcelUtility.java:24)
at testscript.ManageNewsTest.verifyResetfunctionality(ManageNewsTest.java:119)
at java.base/java.util.concurrent.Executors$RunnableAdapter.call(Executors.java:572)
at java.base/java.util.concurrent.FutureTask.run(FutureTask.java:317)
at java.base/java.util.concurrent.ThreadPoolExecutor.runWorker(ThreadPoolExecutor.java:1144)
at java.base/java.util.concurrent.ThreadPoolExecutor$Worker.run(ThreadPoolExecutor.java:642)
at java.base/java.lang.Thread.run(Thread.java:1583)
... Removed 11 stack frames]]>
    </failure>
  </testcase> <!-- verifyResetfunctionality -->
  <testcase classname="testscript.ManageNewsTest" name="verifySearchfunctionality" time="0.0">
    <skipped/>
  </testcase> <!-- verifySearchfunctionality -->
  <testcase classname="testscript.HomeTest" name="verifyTest" time="0.002">
    <failure type="java.io.FileNotFoundException" message="Constants.TESTDATAFILE (The system cannot find the file specified)">
      <![CDATA[java.io.FileNotFoundException: Constants.TESTDATAFILE (The system cannot find the file specified)
at java.base/java.io.FileInputStream.open0(Native Method)
at java.base/java.io.FileInputStream.open(FileInputStream.java:213)
at java.base/java.io.FileInputStream.<init>(FileInputStream.java:152)
at java.base/java.io.FileInputStream.<init>(FileInputStream.java:106)
at utilities.ExcelUtility.getStringData(ExcelUtility.java:24)
at testscript.HomeTest.verifyTest(HomeTest.java:18)
at java.base/java.util.concurrent.Executors$RunnableAdapter.call(Executors.java:572)
at java.base/java.util.concurrent.FutureTask.run(FutureTask.java:317)
at java.base/java.util.concurrent.ThreadPoolExecutor.runWorker(ThreadPoolExecutor.java:1144)
at java.base/java.util.concurrent.ThreadPoolExecutor$Worker.run(ThreadPoolExecutor.java:642)
at java.base/java.lang.Thread.run(Thread.java:1583)
... Removed 11 stack frames]]>
    </failure>
  </testcase> <!-- verifyTest -->
  <testcase classname="testscript.LoginTest" name="inalidusernameValidpassword1" time="0.057">
    <failure type="java.io.FileNotFoundException" message="Constants.TESTDATAFILE (The system cannot find the file specified)">
      <![CDATA[java.io.FileNotFoundException: Constants.TESTDATAFILE (The system cannot find the file specified)
at java.base/java.io.FileInputStream.open0(Native Method)
at java.base/java.io.FileInputStream.open(FileInputStream.java:213)
at java.base/java.io.FileInputStream.<init>(FileInputStream.java:152)
at java.base/java.io.FileInputStream.<init>(FileInputStream.java:106)
at utilities.ExcelUtility.getStringData(ExcelUtility.java:24)
at testscript.LoginTest.inalidusernameValidpassword1(LoginTest.java:52)
at java.base/java.util.concurrent.Executors$RunnableAdapter.call(Executors.java:572)
at java.base/java.util.concurrent.FutureTask.run(FutureTask.java:317)
at java.base/java.util.concurrent.ThreadPoolExecutor.runWorker(ThreadPoolExecutor.java:1144)
at java.base/java.util.concurrent.ThreadPoolExecutor$Worker.run(ThreadPoolExecutor.java:642)
at java.base/java.lang.Thread.run(Thread.java:1583)
... Removed 11 stack frames]]>
    </failure>
  </testcase> <!-- inalidusernameValidpassword1 -->
  <testcase classname="testscript.LoginTest" name="validusernameinvalidpassword" time="0.006">
    <failure type="java.io.FileNotFoundException" message="Constants.TESTDATAFILE (The system cannot find the file specified)">
      <![CDATA[java.io.FileNotFoundException: Constants.TESTDATAFILE (The system cannot find the file specified)
at java.base/java.io.FileInputStream.open0(Native Method)
at java.base/java.io.FileInputStream.open(FileInputStream.java:213)
at java.base/java.io.FileInputStream.<init>(FileInputStream.java:152)
at java.base/java.io.FileInputStream.<init>(FileInputStream.java:106)
at utilities.ExcelUtility.getStringData(ExcelUtility.java:24)
at testscript.LoginTest.validusernameinvalidpassword(LoginTest.java:39)
at java.base/java.util.concurrent.Executors$RunnableAdapter.call(Executors.java:572)
at java.base/java.util.concurrent.FutureTask.run(FutureTask.java:317)
at java.base/java.util.concurrent.ThreadPoolExecutor.runWorker(ThreadPoolExecutor.java:1144)
at java.base/java.util.concurrent.ThreadPoolExecutor$Worker.run(ThreadPoolExecutor.java:642)
at java.base/java.lang.Thread.run(Thread.java:1583)
... Removed 11 stack frames]]>
    </failure>
  </testcase> <!-- validusernameinvalidpassword -->
  <testcase classname="testscript.LoginTest" name="verifyloginwithValidCredentials" time="0.018">
    <skipped/>
  </testcase> <!-- verifyloginwithValidCredentials -->
  <testcase classname="testscript.LoginTest" name="invalidusernameInvalidpassword2" time="0.0">
    <skipped/>
  </testcase> <!-- invalidusernameInvalidpassword2 -->
  <testcase classname="testscript.LoginTest" name="invalidusernameInvalidpassword3" time="0.0">
    <skipped/>
  </testcase> <!-- invalidusernameInvalidpassword3 -->
  <testcase classname="testscript.LoginTest" name="verifyloginwithValidCredentials" time="0.005">
    <skipped/>
  </testcase> <!-- verifyloginwithValidCredentials -->
  <testcase classname="testscript.LoginTest" name="verifyloginwithValidCredentials" time="0.004">
    <failure type="java.io.FileNotFoundException" message="Constants.TESTDATAFILE (The system cannot find the file specified)">
      <![CDATA[java.io.FileNotFoundException: Constants.TESTDATAFILE (The system cannot find the file specified)
at java.base/java.io.FileInputStream.open0(Native Method)
at java.base/java.io.FileInputStream.open(FileInputStream.java:213)
at java.base/java.io.FileInputStream.<init>(FileInputStream.java:152)
at java.base/java.io.FileInputStream.<init>(FileInputStream.java:106)
at utilities.ExcelUtility.getStringData(ExcelUtility.java:24)
at testscript.LoginTest.verifyloginwithValidCredentials(LoginTest.java:20)
at java.base/java.util.concurrent.Executors$RunnableAdapter.call(Executors.java:572)
at java.base/java.util.concurrent.FutureTask.run(FutureTask.java:317)
at java.base/java.util.concurrent.ThreadPoolExecutor.runWorker(ThreadPoolExecutor.java:1144)
at java.base/java.util.concurrent.ThreadPoolExecutor$Worker.run(ThreadPoolExecutor.java:642)
at java.base/java.lang.Thread.run(Thread.java:1583)
... Removed 11 stack frames]]>
    </failure>
  </testcase> <!-- verifyloginwithValidCredentials -->
</testsuite> <!-- FirefoxTest -->
