<?xml version="1.0" encoding="UTF-8"?>
<!-- Generated by org.testng.reporters.JUnitXMLReporter -->
<testsuite ignored="0" hostname="user" failures="0" tests="6" name="FirefoxTest" time="28.834" errors="0" timestamp="2025-09-16T09:30:41 IST">
  <testcase classname="testscript.LoginTest" name="invalidusernameInvalidpassword2" time="0.0">
    <skipped/>
  </testcase> <!-- invalidusernameInvalidpassword2 -->
  <testcase classname="testscript.LoginTest" name="inalidusernameValidpassword1" time="0.0">
    <skipped/>
  </testcase> <!-- inalidusernameValidpassword1 -->
  <testcase classname="testscript.LoginTest" name="verifyloginwithValidCredentials" time="0.0">
    <skipped/>
  </testcase> <!-- verifyloginwithValidCredentials -->
  <testcase classname="testscript.LoginTest" name="validusernameinvalidpassword" time="0.0">
    <skipped/>
  </testcase> <!-- validusernameinvalidpassword -->
  <testcase classname="testscript.LoginTest" name="invalidusernameInvalidpassword2" time="0.0">
    <skipped/>
  </testcase> <!-- invalidusernameInvalidpassword2 -->
  <testcase classname="testscript.LoginTest" name="invalidusernameInvalidpassword2" time="0.0">
    <skipped/>
  </testcase> <!-- invalidusernameInvalidpassword2 -->
</testsuite> <!-- FirefoxTest -->
