<?xml version="1.0" encoding="UTF-8"?>
<!-- Generated by org.testng.reporters.JUnitXMLReporter -->
<testsuite ignored="3" hostname="user" failures="0" tests="3" name="Test1" time="16.906" errors="0" timestamp="2025-09-15T13:21:28 IST">
  <testcase classname="testscript.LoginTest" name="invalidusernameInvalidpassword2" time="0.773"/>
  <testcase classname="testscript.LoginTest" name="invalidusernameInvalidpassword2" time="0.768"/>
  <testcase classname="testscript.LoginTest" name="invalidusernameInvalidpassword2" time="0.773"/>
  <testcase classname="testscript.LoginTest" name="inalidusernameValidpassword1" time="0.0">
    <ignored/>
  </testcase> <!-- inalidusernameValidpassword1 -->
  <testcase classname="testscript.LoginTest" name="verifyloginwithValidCredentials" time="0.0">
    <ignored/>
  </testcase> <!-- verifyloginwithValidCredentials -->
  <testcase classname="testscript.LoginTest" name="validusernameinvalidpassword" time="0.0">
    <ignored/>
  </testcase> <!-- validusernameinvalidpassword -->
</testsuite> <!-- Test1 -->
