<?xml version="1.0" encoding="UTF-8"?>
<!-- Generated by org.testng.reporters.JUnitXMLReporter -->
<testsuite ignored="0" hostname="user" failures="0" tests="12" name="Test" time="55.434" errors="0" timestamp="2025-09-17T14:21:30 IST">
  <testcase classname="testscript.HomeTest" name="verifyTest" time="2.896"/>
  <testcase classname="testscript.ManageNewsTest" name="verifyAddNews" time="2.519"/>
  <testcase classname="testscript.ManageNewsTest" name="verifyHomefunctionality" time="2.063"/>
  <testcase classname="testscript.ManageNewsTest" name="verifyResetfunctionality" time="2.102"/>
  <testcase classname="testscript.ManageNewsTest" name="verifySearchfunctionality" time="2.164"/>
  <testcase classname="testscript.AdminTest" name="AddUser" time="3.669"/>
  <testcase classname="testscript.LoginTest" name="verifyloginwithValidCredentials" time="1.132"/>
  <testcase classname="testscript.LoginTest" name="validusernameinvalidpassword" time="0.97"/>
  <testcase classname="testscript.LoginTest" name="inalidusernameValidpassword1" time="0.831"/>
  <testcase classname="testscript.LoginTest" name="invalidusernameInvalidpassword2" time="0.735"/>
  <testcase classname="testscript.LoginTest" name="invalidusernameInvalidpassword2" time="0.814"/>
  <testcase classname="testscript.LoginTest" name="invalidusernameInvalidpassword2" time="0.749"/>
</testsuite> <!-- Test -->
