<?xml version="1.0" encoding="UTF-8"?>
<!-- Generated by org.testng.reporters.JUnitXMLReporter -->
<testsuite ignored="3" hostname="user" failures="0" tests="3" name="Test" time="16.629" errors="0" timestamp="2025-09-15T13:34:19 IST">
  <testcase classname="testscript.LoginTest" name="invalidusernameInvalidpassword2" time="1.307"/>
  <testcase classname="testscript.LoginTest" name="invalidusernameInvalidpassword2" time="1.144"/>
  <testcase classname="testscript.LoginTest" name="invalidusernameInvalidpassword2" time="1.073"/>
  <testcase classname="testscript.LoginTest" name="inalidusernameValidpassword1" time="0.0">
    <ignored/>
  </testcase> <!-- inalidusernameValidpassword1 -->
  <testcase classname="testscript.LoginTest" name="verifyloginwithValidCredentials" time="0.0">
    <ignored/>
  </testcase> <!-- verifyloginwithValidCredentials -->
  <testcase classname="testscript.LoginTest" name="validusernameinvalidpassword" time="0.0">
    <ignored/>
  </testcase> <!-- validusernameinvalidpassword -->
</testsuite> <!-- Test -->
