<?xml version="1.0" encoding="UTF-8"?>
<testng-results ignored="0" total="6" passed="6" failed="0" skipped="0">
  <reporter-output>
  </reporter-output>
  <suite started-at="2025-09-15T13:34:02 IST" name="Suite" finished-at="2025-09-15T13:34:37 IST" duration-ms="34897">
    <groups>
    </groups>
    <test started-at="2025-09-15T13:34:02 IST" name="Test" finished-at="2025-09-15T13:34:18 IST" duration-ms="16629">
      <class name="testscript.LoginTest">
        <test-method is-config="true" signature="browserinitializer(java.lang.String)[pri:0, instance:testscript.LoginTest@660acfb]" started-at="2025-09-15T13:34:02 IST" name="browserinitializer" finished-at="2025-09-15T13:34:05 IST" duration-ms="3608" status="PASS">
          <params>
            <param index="0">
              <value>
                <![CDATA[chrome]]>
              </value>
            </param>
          </params>
          <reporter-output>
          </reporter-output>
        </test-method> <!-- browserinitializer -->
        <test-method signature="invalidusernameInvalidpassword2(java.lang.String,java.lang.String)[pri:4, instance:testscript.LoginTest@660acfb]" started-at="2025-09-15T13:34:05 IST" name="invalidusernameInvalidpassword2" description="Login with invalid username and invalid password" data-provider="loginProvider" finished-at="2025-09-15T13:34:07 IST" duration-ms="1307" status="PASS">
          <params>
            <param index="0">
              <value>
                <![CDATA[user]]>
              </value>
            </param>
            <param index="1">
              <value>
                <![CDATA[password]]>
              </value>
            </param>
          </params>
          <reporter-output>
          </reporter-output>
        </test-method> <!-- invalidusernameInvalidpassword2 -->
        <test-method is-config="true" signature="driverQuit(org.testng.ITestResult)[pri:0, instance:testscript.LoginTest@660acfb]" started-at="2025-09-15T13:34:07 IST" name="driverQuit" finished-at="2025-09-15T13:34:08 IST" duration-ms="1027" status="PASS">
          <params>
            <param index="0">
              <value>
                <![CDATA[[TestResult name=invalidusernameInvalidpassword2 status=SUCCESS method=LoginTest.invalidusernameInvalidpassword2(java.lang.String,java.lang.String)[pri:4, instance:testscript.LoginTest@660acfb] output={null}]]]>
              </value>
            </param>
          </params>
          <reporter-output>
          </reporter-output>
        </test-method> <!-- driverQuit -->
        <test-method is-config="true" signature="quitandclose()[pri:0, instance:testscript.LoginTest@660acfb]" started-at="2025-09-15T13:34:08 IST" name="quitandclose" finished-at="2025-09-15T13:34:08 IST" duration-ms="1" status="PASS">
          <reporter-output>
          </reporter-output>
        </test-method> <!-- quitandclose -->
        <test-method is-config="true" signature="browserinitializer(java.lang.String)[pri:0, instance:testscript.LoginTest@660acfb]" started-at="2025-09-15T13:34:08 IST" name="browserinitializer" finished-at="2025-09-15T13:34:11 IST" duration-ms="3754" status="PASS">
          <params>
            <param index="0">
              <value>
                <![CDATA[chrome]]>
              </value>
            </param>
          </params>
          <reporter-output>
          </reporter-output>
        </test-method> <!-- browserinitializer -->
        <test-method signature="invalidusernameInvalidpassword2(java.lang.String,java.lang.String)[pri:4, instance:testscript.LoginTest@660acfb]" started-at="2025-09-15T13:34:11 IST" name="invalidusernameInvalidpassword2" description="Login with invalid username and invalid password" data-provider="loginProvider" finished-at="2025-09-15T13:34:13 IST" duration-ms="1144" status="PASS">
          <params>
            <param index="0">
              <value>
                <![CDATA[username]]>
              </value>
            </param>
            <param index="1">
              <value>
                <![CDATA[pass]]>
              </value>
            </param>
          </params>
          <reporter-output>
          </reporter-output>
        </test-method> <!-- invalidusernameInvalidpassword2 -->
        <test-method is-config="true" signature="driverQuit(org.testng.ITestResult)[pri:0, instance:testscript.LoginTest@660acfb]" started-at="2025-09-15T13:34:13 IST" name="driverQuit" finished-at="2025-09-15T13:34:14 IST" duration-ms="1133" status="PASS">
          <params>
            <param index="0">
              <value>
                <![CDATA[[TestResult name=invalidusernameInvalidpassword2 status=SUCCESS method=LoginTest.invalidusernameInvalidpassword2(java.lang.String,java.lang.String)[pri:4, instance:testscript.LoginTest@660acfb] output={null}]]]>
              </value>
            </param>
          </params>
          <reporter-output>
          </reporter-output>
        </test-method> <!-- driverQuit -->
        <test-method is-config="true" signature="quitandclose()[pri:0, instance:testscript.LoginTest@660acfb]" started-at="2025-09-15T13:34:14 IST" name="quitandclose" finished-at="2025-09-15T13:34:14 IST" duration-ms="3" status="PASS">
          <reporter-output>
          </reporter-output>
        </test-method> <!-- quitandclose -->
        <test-method is-config="true" signature="browserinitializer(java.lang.String)[pri:0, instance:testscript.LoginTest@660acfb]" started-at="2025-09-15T13:34:14 IST" name="browserinitializer" finished-at="2025-09-15T13:34:17 IST" duration-ms="3132" status="PASS">
          <params>
            <param index="0">
              <value>
                <![CDATA[chrome]]>
              </value>
            </param>
          </params>
          <reporter-output>
          </reporter-output>
        </test-method> <!-- browserinitializer -->
        <test-method signature="invalidusernameInvalidpassword2(java.lang.String,java.lang.String)[pri:4, instance:testscript.LoginTest@660acfb]" started-at="2025-09-15T13:34:17 IST" name="invalidusernameInvalidpassword2" description="Login with invalid username and invalid password" data-provider="loginProvider" finished-at="2025-09-15T13:34:18 IST" duration-ms="1073" status="PASS">
          <params>
            <param index="0">
              <value>
                <![CDATA[user1]]>
              </value>
            </param>
            <param index="1">
              <value>
                <![CDATA[password1]]>
              </value>
            </param>
          </params>
          <reporter-output>
          </reporter-output>
        </test-method> <!-- invalidusernameInvalidpassword2 -->
        <test-method is-config="true" signature="driverQuit(org.testng.ITestResult)[pri:0, instance:testscript.LoginTest@660acfb]" started-at="2025-09-15T13:34:18 IST" name="driverQuit" finished-at="2025-09-15T13:34:18 IST" duration-ms="333" status="PASS">
          <params>
            <param index="0">
              <value>
                <![CDATA[[TestResult name=invalidusernameInvalidpassword2 status=SUCCESS method=LoginTest.invalidusernameInvalidpassword2(java.lang.String,java.lang.String)[pri:4, instance:testscript.LoginTest@660acfb] output={null}]]]>
              </value>
            </param>
          </params>
          <reporter-output>
          </reporter-output>
        </test-method> <!-- driverQuit -->
        <test-method is-config="true" signature="quitandclose()[pri:0, instance:testscript.LoginTest@660acfb]" started-at="2025-09-15T13:34:18 IST" name="quitandclose" finished-at="2025-09-15T13:34:18 IST" duration-ms="0" status="PASS">
          <reporter-output>
          </reporter-output>
        </test-method> <!-- quitandclose -->
      </class> <!-- testscript.LoginTest -->
    </test> <!-- Test -->
    <test started-at="2025-09-15T13:34:02 IST" name="FirefoxTest" finished-at="2025-09-15T13:34:37 IST" duration-ms="34897">
      <class name="testscript.LoginTest">
        <test-method is-config="true" signature="browserinitializer(java.lang.String)[pri:0, instance:testscript.LoginTest@7b50df34]" started-at="2025-09-15T13:34:02 IST" name="browserinitializer" finished-at="2025-09-15T13:34:13 IST" duration-ms="11194" status="PASS">
          <params>
            <param index="0">
              <value>
                <![CDATA[firefox]]>
              </value>
            </param>
          </params>
          <reporter-output>
          </reporter-output>
        </test-method> <!-- browserinitializer -->
        <test-method signature="invalidusernameInvalidpassword2(java.lang.String,java.lang.String)[pri:4, instance:testscript.LoginTest@7b50df34]" started-at="2025-09-15T13:34:13 IST" name="invalidusernameInvalidpassword2" description="Login with invalid username and invalid password" data-provider="loginProvider" finished-at="2025-09-15T13:34:14 IST" duration-ms="989" status="PASS">
          <params>
            <param index="0">
              <value>
                <![CDATA[user]]>
              </value>
            </param>
            <param index="1">
              <value>
                <![CDATA[password]]>
              </value>
            </param>
          </params>
          <reporter-output>
          </reporter-output>
        </test-method> <!-- invalidusernameInvalidpassword2 -->
        <test-method is-config="true" signature="driverQuit(org.testng.ITestResult)[pri:0, instance:testscript.LoginTest@7b50df34]" started-at="2025-09-15T13:34:14 IST" name="driverQuit" finished-at="2025-09-15T13:34:17 IST" duration-ms="2633" status="PASS">
          <params>
            <param index="0">
              <value>
                <![CDATA[[TestResult name=invalidusernameInvalidpassword2 status=SUCCESS method=LoginTest.invalidusernameInvalidpassword2(java.lang.String,java.lang.String)[pri:4, instance:testscript.LoginTest@7b50df34] output={null}]]]>
              </value>
            </param>
          </params>
          <reporter-output>
          </reporter-output>
        </test-method> <!-- driverQuit -->
        <test-method is-config="true" signature="quitandclose()[pri:0, instance:testscript.LoginTest@7b50df34]" started-at="2025-09-15T13:34:17 IST" name="quitandclose" finished-at="2025-09-15T13:34:17 IST" duration-ms="0" status="PASS">
          <reporter-output>
          </reporter-output>
        </test-method> <!-- quitandclose -->
        <test-method is-config="true" signature="browserinitializer(java.lang.String)[pri:0, instance:testscript.LoginTest@7b50df34]" started-at="2025-09-15T13:34:17 IST" name="browserinitializer" finished-at="2025-09-15T13:34:25 IST" duration-ms="8047" status="PASS">
          <params>
            <param index="0">
              <value>
                <![CDATA[firefox]]>
              </value>
            </param>
          </params>
          <reporter-output>
          </reporter-output>
        </test-method> <!-- browserinitializer -->
        <test-method signature="invalidusernameInvalidpassword2(java.lang.String,java.lang.String)[pri:4, instance:testscript.LoginTest@7b50df34]" started-at="2025-09-15T13:34:25 IST" name="invalidusernameInvalidpassword2" description="Login with invalid username and invalid password" data-provider="loginProvider" finished-at="2025-09-15T13:34:25 IST" duration-ms="732" status="PASS">
          <params>
            <param index="0">
              <value>
                <![CDATA[username]]>
              </value>
            </param>
            <param index="1">
              <value>
                <![CDATA[pass]]>
              </value>
            </param>
          </params>
          <reporter-output>
          </reporter-output>
        </test-method> <!-- invalidusernameInvalidpassword2 -->
        <test-method is-config="true" signature="driverQuit(org.testng.ITestResult)[pri:0, instance:testscript.LoginTest@7b50df34]" started-at="2025-09-15T13:34:25 IST" name="driverQuit" finished-at="2025-09-15T13:34:27 IST" duration-ms="1642" status="PASS">
          <params>
            <param index="0">
              <value>
                <![CDATA[[TestResult name=invalidusernameInvalidpassword2 status=SUCCESS method=LoginTest.invalidusernameInvalidpassword2(java.lang.String,java.lang.String)[pri:4, instance:testscript.LoginTest@7b50df34] output={null}]]]>
              </value>
            </param>
          </params>
          <reporter-output>
          </reporter-output>
        </test-method> <!-- driverQuit -->
        <test-method is-config="true" signature="browserinitializer(java.lang.String)[pri:0, instance:testscript.LoginTest@7b50df34]" started-at="2025-09-15T13:34:27 IST" name="browserinitializer" finished-at="2025-09-15T13:34:34 IST" duration-ms="7324" status="PASS">
          <params>
            <param index="0">
              <value>
                <![CDATA[firefox]]>
              </value>
            </param>
          </params>
          <reporter-output>
          </reporter-output>
        </test-method> <!-- browserinitializer -->
        <test-method is-config="true" signature="quitandclose()[pri:0, instance:testscript.LoginTest@7b50df34]" started-at="2025-09-15T13:34:27 IST" name="quitandclose" finished-at="2025-09-15T13:34:27 IST" duration-ms="0" status="PASS">
          <reporter-output>
          </reporter-output>
        </test-method> <!-- quitandclose -->
        <test-method signature="invalidusernameInvalidpassword2(java.lang.String,java.lang.String)[pri:4, instance:testscript.LoginTest@7b50df34]" started-at="2025-09-15T13:34:34 IST" name="invalidusernameInvalidpassword2" description="Login with invalid username and invalid password" data-provider="loginProvider" finished-at="2025-09-15T13:34:35 IST" duration-ms="657" status="PASS">
          <params>
            <param index="0">
              <value>
                <![CDATA[user1]]>
              </value>
            </param>
            <param index="1">
              <value>
                <![CDATA[password1]]>
              </value>
            </param>
          </params>
          <reporter-output>
          </reporter-output>
        </test-method> <!-- invalidusernameInvalidpassword2 -->
        <test-method is-config="true" signature="driverQuit(org.testng.ITestResult)[pri:0, instance:testscript.LoginTest@7b50df34]" started-at="2025-09-15T13:34:35 IST" name="driverQuit" finished-at="2025-09-15T13:34:37 IST" duration-ms="1576" status="PASS">
          <params>
            <param index="0">
              <value>
                <![CDATA[[TestResult name=invalidusernameInvalidpassword2 status=SUCCESS method=LoginTest.invalidusernameInvalidpassword2(java.lang.String,java.lang.String)[pri:4, instance:testscript.LoginTest@7b50df34] output={null}]]]>
              </value>
            </param>
          </params>
          <reporter-output>
          </reporter-output>
        </test-method> <!-- driverQuit -->
        <test-method is-config="true" signature="quitandclose()[pri:0, instance:testscript.LoginTest@7b50df34]" started-at="2025-09-15T13:34:37 IST" name="quitandclose" finished-at="2025-09-15T13:34:37 IST" duration-ms="2" status="PASS">
          <reporter-output>
          </reporter-output>
        </test-method> <!-- quitandclose -->
      </class> <!-- testscript.LoginTest -->
    </test> <!-- FirefoxTest -->
  </suite> <!-- Suite -->
</testng-results>
