<?xml version="1.0" encoding="UTF-8"?>
<!-- Generated by org.testng.reporters.JUnitXMLReporter -->
<testsuite ignored="2" hostname="user" failures="0" tests="1" name="Default test" time="22.662" errors="0" timestamp="2025-09-01T11:31:59 IST">
  <testcase classname="testscript.ManageNewsTest" name="verifySearchfunctionality" time="7.456"/>
  <testcase classname="testscript.ManageNewsTest" name="verifyAddNews" time="0.0">
    <ignored/>
  </testcase> <!-- verifyAddNews -->
  <testcase classname="testscript.ManageNewsTest" name="verifyHomefunctionality" time="0.0">
    <ignored/>
  </testcase> <!-- verifyHomefunctionality -->
</testsuite> <!-- Default test -->
